common.multiplayer 0 0
common.enable_cheats 16908 16966
rsg.obtain_crying_obsidian 127413 122409
common.old_world 0 0
rsg.obtain_iron_pickaxe 0 0
common.leave_world 9662 9662
common.rejoin_world 2194 2194
common.rejoin_world 0 0
common.leave_world 5998 5998
common.leave_world 17098 17098
common.leave_world 111590 111590
rsg.enter_end 80363 80363
common.leave_world 4019 4019
common.rejoin_world 80363 80363
common.leave_world 101906 101906
common.leave_world 1437 1437
common.leave_world 11597 11597
common.leave_world 164664 164664
common.leave_world 16749 16749
common.rejoin_world 16749 16749
common.leave_world 1704 1704
common.leave_world 2578 2578
common.leave_world 17735 17735
common.rejoin_world 17735 17735
rsg.obtain_obsidian 20553 20553
common.leave_world 444164 444164
common.leave_world 9338 9338
common.rejoin_world 9338 9338
common.leave_world 139811 139811
common.leave_world 16718 16718
common.rejoin_world 2797 2797
common.leave_world 47083 47083
common.leave_world 78704 78704
common.leave_world 6840 6840
common.leave_world 351957 351957
common.rejoin_world 351957 351957
common.leave_world 21200 21200
common.leave_world 69019 69019
common.leave_world 191797 191797
common.leave_world 20651 20651
common.leave_world 706812 706812
common.rejoin_world 706812 706812
common.leave_world 19457 19457
common.leave_world 34672 34672
common.leave_world 74471 74471
common.leave_world 1572 1572
common.leave_world 23674 23674
common.rejoin_world 23674 23674
common.leave_world 562528 562528
common.rejoin_world 2452 2452
common.leave_world 45115 45115
common.leave_world 1484 1484
common.leave_world 34902 34902
common.leave_world 76871 76871
common.leave_world 29825 29825
common.leave_world 65463 65463
common.leave_world 15643 15643
common.leave_world 40928 40928
common.leave_world 39481 39481
common.leave_world 8901 8901
common.rejoin_world 8901 8901
common.leave_world 6835 6835
common.leave_world 1042 1042
common.leave_world 9930 9930
common.leave_world 27837 27837
common.leave_world 2272 2272
